Removed Pin From Net: NetName=NetC44_2 Pin=C44-2
Removed Pin From Net: NetName=NetC44_2 Pin=J2-7
Removed Pin From Net: NetName=NetC44_2 Pin=J2-8
Removed Pin From Net: NetName=GND Pin=J2-10
Removed Pin From Net: NetName=GND Pin=J2-11
Removed Pin From Net: NetName=GND Pin=J2-12
Removed Pin From Net: NetName=GND Pin=J2-13
Removed Pin From Net: NetName=NetC44_2 Pin=J2-14
Removed Pin From Net: NetName=NetC44_2 Pin=J2-15
Removed Pin From Net: NetName=NetJ2_5 Pin=R5-1
Removed Pin From Net: NetName=NetJ2_4 Pin=R10-1
Removed Pin From Net: NetName=NetJ2_3 Pin=R15-1
Removed Pin From Net: NetName=NetJ2_2 Pin=R20-1
Added Pin To Net: NetName=GND Pin=J2-7
Added Pin To Net: NetName=GND Pin=J2-8
Added Pin To Net: NetName=GND Pin=J2-14
Added Pin To Net: NetName=GND Pin=J2-15
Added Pin To Net: NetName=NetC44_2 Pin=R5-1
Added Pin To Net: NetName=NetJ2_5 Pin=R10-1
Added Pin To Net: NetName=NetJ2_4 Pin=R15-1
Added Pin To Net: NetName=NetJ2_3 Pin=R20-1
Added Pin To Net: NetName=NetJ2_2 Pin=R25-1
Change Net Name : Old Net Name=NetC44_2 New Net Name=NetJ2_6
Added Pin To Net: NetName=NetC44_2 Pin=C44-2
Added Pin To Net: NetName=NetC44_2 Pin=J2-9
Added Pin To Net: NetName=NetC44_2 Pin=J2-10
Added Pin To Net: NetName=NetC44_2 Pin=J2-11
Added Pin To Net: NetName=NetC44_2 Pin=J2-12
Added Pin To Net: NetName=NetC44_2 Pin=J2-13
Added Net: Name=NetC44_2
