Removed Pin From Net: NetName=NetFB2_1 Pin=J1-1
Removed Pin From Net: NetName=NetFB4_1 Pin=J1-2
Removed Pin From Net: NetName=NetFB8_1 Pin=J1-4
Removed Pin From Net: NetName=GND Pin=J1-5
Removed Pin From Net: NetName=NetFB1_1 Pin=J1-6
Removed Pin From Net: NetName=NetFB3_1 Pin=J1-7
Removed Pin From Net: NetName=NetFB5_1 Pin=J1-8
Removed Pin From Net: NetName=NetFB7_1 Pin=J1-9
Removed Pin From Net: NetName=NetC45_2 Pin=J1-10
Removed Pin From Net: NetName=NetC44_2 Pin=J2-1
Removed Pin From Net: NetName=NetC44_2 Pin=J2-2
Removed Pin From Net: NetName=NetC44_2 Pin=J2-3
Removed Pin From Net: NetName=NetC44_2 Pin=J2-9
Removed Pin From Net: NetName=NetC44_2 Pin=J2-10
Removed Pin From Net: NetName=GND Pin=J2-14
Removed Pin From Net: NetName=NetJ2_4 Pin=R5-1
Removed Pin From Net: NetName=NetJ2_5 Pin=R10-1
Added Pin To Net: NetName=GND Pin=J1-1
Added Pin To Net: NetName=NetFB8_1 Pin=J1-2
Added Pin To Net: NetName=NetFB4_1 Pin=J1-4
Added Pin To Net: NetName=NetFB2_1 Pin=J1-5
Added Pin To Net: NetName=NetFB7_1 Pin=J1-6
Added Pin To Net: NetName=NetFB5_1 Pin=J1-7
Added Pin To Net: NetName=NetFB3_1 Pin=J1-8
Added Pin To Net: NetName=NetFB1_1 Pin=J1-9
Added Pin To Net: NetName=NetC45_2 Pin=J1-11
Added Pin To Net: NetName=NetC44_2 Pin=J2-6
Added Pin To Net: NetName=NetC44_2 Pin=J2-7
Added Pin To Net: NetName=NetC44_2 Pin=J2-8
Added Pin To Net: NetName=GND Pin=J2-10
Added Pin To Net: NetName=NetC44_2 Pin=J2-14
Added Pin To Net: NetName=NetC44_2 Pin=J2-15
Added Pin To Net: NetName=NetJ2_5 Pin=R5-1
Added Pin To Net: NetName=NetJ2_4 Pin=R10-1
Added Pin To Net: NetName=NetJ2_1 Pin=J2-1
Added Pin To Net: NetName=NetJ2_1 Pin=R30-1
Added Net: Name=NetJ2_1
Added Pin To Net: NetName=NetJ2_2 Pin=J2-2
Added Pin To Net: NetName=NetJ2_2 Pin=R20-1
Added Net: Name=NetJ2_2
Added Pin To Net: NetName=NetJ2_3 Pin=J2-3
Added Pin To Net: NetName=NetJ2_3 Pin=R15-1
Added Net: Name=NetJ2_3
Added Pin To Net: NetName=NetJ2_9 Pin=J2-9
Added Pin To Net: NetName=NetJ2_9 Pin=R25-1
Added Net: Name=NetJ2_9
