Removed Member From Class: ClassName=Thermitor Member=C3
Removed Member From Class: ClassName=INPUT Member=J2
Removed Member From Class: ClassName=OUTPUT Member=U2
Added Component: Designator=C44(JP2-CLOSED)
Add component (AddParameter): Name = "ComponentLink1 Description"; Value = "Manufacturer"; VariantName = "[No Variations]"
Add component (AddParameter): Name = "ComponentLink1URL"; Value = "http://www.we-online.com"; VariantName = "[No Variations]"
Add component (AddParameter): Name = "ComponentLink2 Description"; Value = "Datasheet"; VariantName = "[No Variations]"
Add component (AddParameter): Name = "ComponentLink2URL"; Value = "http://katalog.we-online.de/em/datasheet/6130xx143121.pdf"; VariantName = "[No Variations]"
Add component (AddParameter): Name = "Created by"; Value = "Karrer Zheng"; VariantName = "[No Variations]"
Add component (AddParameter): Name = "Created Date"; Value = "29 March 2013"; VariantName = "[No Variations]"
Add component (AddParameter): Name = "Manufacturer"; Value = "W¨¹rth Elektronik eiSos GmbH"; VariantName = "[No Variations]"
Add component (AddParameter): Name = "NoPins"; Value = "02"; VariantName = "[No Variations]"
Add component (AddParameter): Name = "partNo"; Value = "613002143121"; VariantName = "[No Variations]"
Added Component: Designator=C45(CN-SMD-0603_big)
Add component (AddParameter): Name = "Value"; Value = "33pF"; VariantName = "[No Variations]"
Added Component: Designator=C46(CN-SMD-0603_big)
Add component (AddParameter): Name = "Value"; Value = "33pF"; VariantName = "[No Variations]"
Added Component: Designator=C47(CN-SMD-0603_big)
Add component (AddParameter): Name = "Value"; Value = "33pF"; VariantName = "[No Variations]"
Added Component: Designator=J1(DB9_MALE)
Add component (AddParameter): Name = "Category"; Value = "Connector"; VariantName = "[No Variations]"
Add component (AddParameter): Name = "Connector type"; Value = "Header"; VariantName = "[No Variations]"
Add component (AddParameter): Name = "Max Current"; Value = "3A"; VariantName = "[No Variations]"
Add component (AddParameter): Name = "Mounting Technology"; Value = "Through-Hole"; VariantName = "[No Variations]"
Add component (AddParameter): Name = "Pin Count"; Value = "9"; VariantName = "[No Variations]"
Add component (AddParameter): Name = "Status"; Value = "Unreleased"; VariantName = "[No Variations]"
Added Pin To Net: NetName=+12 Pin=C44-1
Added Pin To Net: NetName=NetR3_1 Pin=C44-2
Added Pin To Net: NetName=GND Pin=C45-1
Added Pin To Net: NetName=GND Pin=C46-1
Added Pin To Net: NetName=GND Pin=C47-2
Added Pin To Net: NetName=NetR3_1 Pin=J1-7
Added Pin To Net: NetName=NetR3_1 Pin=J1-8
Added Pin To Net: NetName=NetR3_1 Pin=J1-9
Change Net Name : Old Net Name=NetR3_1 New Net Name=NetC44_2
Added Pin To Net: NetName=NetC45_2 Pin=C45-2
Added Pin To Net: NetName=NetC45_2 Pin=J2-16
Added Pin To Net: NetName=NetC45_2 Pin=J2-17
Added Net: Name=NetC45_2
Added Pin To Net: NetName=NetC46_2 Pin=C46-2
Added Pin To Net: NetName=NetC46_2 Pin=J1-10
Added Pin To Net: NetName=NetC46_2 Pin=J1-11
Added Net: Name=NetC46_2
Added Pin To Net: NetName=NetC47_1 Pin=C47-1
Added Pin To Net: NetName=NetC47_1 Pin=J2-16
Added Pin To Net: NetName=NetC47_1 Pin=J2-17
Added Net: Name=NetC47_1
Added Pin To Net: NetName=NetJ1_1 Pin=J1-1
Added Pin To Net: NetName=NetJ1_1 Pin=R30-1
Added Net: Name=NetJ1_1
Added Pin To Net: NetName=NetJ1_2 Pin=J1-2
Added Pin To Net: NetName=NetJ1_2 Pin=R20-1
Added Net: Name=NetJ1_2
Added Pin To Net: NetName=NetJ1_3 Pin=J1-3
Added Pin To Net: NetName=NetJ1_3 Pin=R15-1
Added Net: Name=NetJ1_3
Added Pin To Net: NetName=NetJ1_4 Pin=J1-4
Added Pin To Net: NetName=NetJ1_4 Pin=R10-1
Added Net: Name=NetJ1_4
Added Pin To Net: NetName=NetJ1_5 Pin=J1-5
Added Pin To Net: NetName=NetJ1_5 Pin=R5-1
Added Net: Name=NetJ1_5
Added Pin To Net: NetName=NetJ1_6 Pin=J1-6
Added Pin To Net: NetName=NetJ1_6 Pin=R25-1
Added Net: Name=NetJ1_6
Added Member To Class: ClassName=Thermitor Member=Component C18 100nF
Added Member To Class: ClassName=INPUT Member=Component C44 PowerSenSor
Added Member To Class: ClassName=Thermitor Member=Component C45 10nF
Added Member To Class: ClassName=INPUT Member=Component C46 CN
Added Member To Class: ClassName=OUTPUT Member=Component C47 CN
Added Member To Class: ClassName=OUTPUT Member=Component D3 Diode
Added Member To Class: ClassName=Thermitor Member=Component FB6 FB
Added Member To Class: ClassName=INPUT Member=Component J1 DRB-09P11G1R
Added Member To Class: ClassName=INPUT Member=Component LED3 MinZ
Added Member To Class: ClassName=OUTPUT Member=Component Q2 2SC1815
Added Member To Class: ClassName=INPUT Member=Component R27 120R
Added Member To Class: ClassName=Thermitor Member=Component Ther1 MAX31855
Added Member To Class: ClassName=OUTPUT Member=Component U7 PC817
