Removed Pin From Net: NetName=+5 Pin=HD1-4
Removed Pin From Net: NetName=NetC44_2 Pin=J1-7
Removed Pin From Net: NetName=NetC44_2 Pin=J1-8
Removed Pin From Net: NetName=NetC44_2 Pin=J1-9
Removed Pin From Net: NetName=NetC46_2 Pin=J1-10
Removed Pin From Net: NetName=GND Pin=J2-1
Removed Pin From Net: NetName=NetFB8_1 Pin=J2-2
Removed Pin From Net: NetName=GND Pin=J2-3
Removed Pin From Net: NetName=NetFB6_1 Pin=J2-4
Removed Pin From Net: NetName=GND Pin=J2-5
Removed Pin From Net: NetName=NetFB4_1 Pin=J2-6
Removed Pin From Net: NetName=GND Pin=J2-7
Removed Pin From Net: NetName=NetFB2_1 Pin=J2-8
Removed Pin From Net: NetName=NetFB7_1 Pin=J2-9
Removed Pin From Net: NetName=GND Pin=J2-10
Removed Pin From Net: NetName=NetFB5_1 Pin=J2-11
Removed Pin From Net: NetName=NetFB3_1 Pin=J2-13
Removed Pin From Net: NetName=NetFB1_1 Pin=J2-15
Removed Pin From Net: NetName=NetC45_2 Pin=J2-16
Removed Pin From Net: NetName=NetC45_2 Pin=J2-17
Removed Member From Class: ClassName=INPUT Member=J1
Removed Member From Class: ClassName=Thermitor Member=J2
Added Component: Designator=C48(CAP-ALU-SMD-F)
Add component (AddParameter): Name = "LatestRevisionDate"; Value = "17-Jul-2002"; VariantName = "[No Variations]"
Add component (AddParameter): Name = "LatestRevisionNote"; Value = "Re-released for DXP Platform."; VariantName = "[No Variations]"
Add component (AddParameter): Name = "PackageReference"; Value = "POLAR0.8"; VariantName = "[No Variations]"
Add component (AddParameter): Name = "Published"; Value = "8-Jun-2000"; VariantName = "[No Variations]"
Add component (AddParameter): Name = "Publisher"; Value = "Altium Limited"; VariantName = "[No Variations]"
Added Component: Designator=C49(CAP-ALU-SMD-F)
Add component (AddParameter): Name = "LatestRevisionDate"; Value = "17-Jul-2002"; VariantName = "[No Variations]"
Add component (AddParameter): Name = "LatestRevisionNote"; Value = "Re-released for DXP Platform."; VariantName = "[No Variations]"
Add component (AddParameter): Name = "PackageReference"; Value = "POLAR0.8"; VariantName = "[No Variations]"
Add component (AddParameter): Name = "Published"; Value = "8-Jun-2000"; VariantName = "[No Variations]"
Add component (AddParameter): Name = "Publisher"; Value = "Altium Limited"; VariantName = "[No Variations]"
Added Pin To Net: NetName=+12 Pin=C48-1
Added Pin To Net: NetName=GND Pin=C48-2
Added Pin To Net: NetName=VCC Pin=C49-1
Added Pin To Net: NetName=GND Pin=C49-2
Added Pin To Net: NetName=NetFB2_1 Pin=J1-1
Added Pin To Net: NetName=NetFB4_1 Pin=J1-2
Added Pin To Net: NetName=NetFB6_1 Pin=J1-3
Added Pin To Net: NetName=NetFB8_1 Pin=J1-4
Added Pin To Net: NetName=GND Pin=J1-5
Added Pin To Net: NetName=NetFB1_1 Pin=J1-6
Added Pin To Net: NetName=NetFB3_1 Pin=J1-7
Added Pin To Net: NetName=NetFB5_1 Pin=J1-8
Added Pin To Net: NetName=NetFB7_1 Pin=J1-9
Added Pin To Net: NetName=NetC45_2 Pin=J1-10
Added Pin To Net: NetName=NetC44_2 Pin=J2-1
Added Pin To Net: NetName=NetC44_2 Pin=J2-2
Added Pin To Net: NetName=NetC44_2 Pin=J2-3
Added Pin To Net: NetName=NetC44_2 Pin=J2-9
Added Pin To Net: NetName=NetC44_2 Pin=J2-10
Added Pin To Net: NetName=GND Pin=J2-11
Added Pin To Net: NetName=GND Pin=J2-13
Added Pin To Net: NetName=NetC46_2 Pin=J2-16
Added Pin To Net: NetName=NetJ2_4 Pin=J2-4
Added Pin To Net: NetName=NetJ2_4 Pin=R5-1
Added Net: Name=NetJ2_4
Added Pin To Net: NetName=NetJ2_5 Pin=J2-5
Added Pin To Net: NetName=NetJ2_5 Pin=R10-1
Added Net: Name=NetJ2_5
Added Pin To Net: NetName=NetJ2_6 Pin=J2-6
Added Pin To Net: NetName=NetJ2_6 Pin=R15-1
Added Net: Name=NetJ2_6
Added Pin To Net: NetName=NetJ2_7 Pin=J2-7
Added Pin To Net: NetName=NetJ2_7 Pin=R20-1
Added Net: Name=NetJ2_7
Added Pin To Net: NetName=NetJ2_8 Pin=J2-8
Added Pin To Net: NetName=NetJ2_8 Pin=R30-1
Added Net: Name=NetJ2_8
Added Pin To Net: NetName=NetJ2_15 Pin=J2-15
Added Pin To Net: NetName=NetJ2_15 Pin=R25-1
Added Net: Name=NetJ2_15
Added Member To Class: ClassName=Main Member=Component C48 CN-ALU-SMD
Added Member To Class: ClassName=Main Member=Component C49 CN-ALU-SMD
Added Member To Class: ClassName=Thermitor Member=Component J1 DRB-09P11G1R
Added Member To Class: ClassName=INPUT Member=Component J2 A32121-ND
Added Member To Class: ClassName=OUTPUT Member=Component LED11 LED
