Removed Pin From Net: NetName=GND Pin=J5-16
Removed Pin From Net: NetName=GND Pin=J5-17
Added Component: Designator=C12(CN-SMD-0603_big)
Add component (AddParameter): Name = "Value"; Value = "33pF"; VariantName = "[No Variations]"
Added Component: Designator=C13(CN-SMD-0603_big)
Add component (AddParameter): Name = "Value"; Value = "33pF"; VariantName = "[No Variations]"
Added Component: Designator=C14(CN-SMD-0603_big)
Add component (AddParameter): Name = "Value"; Value = "33pF"; VariantName = "[No Variations]"
Added Component: Designator=C28(CN-SMD-0603_big)
Add component (AddParameter): Name = "Value"; Value = "33pF"; VariantName = "[No Variations]"
Added Component: Designator=C29(CN-SMD-0603_big)
Add component (AddParameter): Name = "Value"; Value = "33pF"; VariantName = "[No Variations]"
Added Component: Designator=IC2(SO14)
Added Component: Designator=R22(RES-SMD-0603_BIG)
Added Component: Designator=SD1(microSD™ Card_TF)
Added Pin To Net: NetName=GND Pin=C12-1
Added Pin To Net: NetName=GND Pin=C13-2
Added Pin To Net: NetName=GND Pin=C14-1
Added Pin To Net: NetName=GND Pin=C28-1
Added Pin To Net: NetName=3.3V Pin=C28-2
Added Pin To Net: NetName=GND Pin=C29-1
Added Pin To Net: NetName=3.3V Pin=C29-2
Added Pin To Net: NetName=GND Pin=IC2-1
Added Pin To Net: NetName=SCK Pin=IC2-2
Added Pin To Net: NetName=NetIC2_3 Pin=IC2-3
Added Pin To Net: NetName=GND Pin=IC2-4
Added Pin To Net: NetName=A5_CS_SD Pin=IC2-5
Added Pin To Net: NetName=NetIC2_6 Pin=IC2-6
Added Pin To Net: NetName=GND Pin=IC2-7
Added Pin To Net: NetName=NetIC2_8 Pin=IC2-8
Added Pin To Net: NetName=MOSI Pin=IC2-9
Added Pin To Net: NetName=GND Pin=IC2-10
Added Pin To Net: NetName=GND Pin=IC2-12
Added Pin To Net: NetName=GND Pin=IC2-13
Added Pin To Net: NetName=3.3V Pin=IC2-14
Added Pin To Net: NetName=NetR22_1 Pin=R22-1
Added Pin To Net: NetName=A6_SD_Detect Pin=R22-2
Added Pin To Net: NetName=GND Pin=SD1-1
Added Pin To Net: NetName=NetIC2_6 Pin=SD1-2
Added Pin To Net: NetName=NetIC2_8 Pin=SD1-3
Added Pin To Net: NetName=3.3V Pin=SD1-4
Added Pin To Net: NetName=NetIC2_3 Pin=SD1-5
Added Pin To Net: NetName=GND Pin=SD1-6
Added Pin To Net: NetName=GND Pin=SD1-6
Added Pin To Net: NetName=GND Pin=SD1-6
Added Pin To Net: NetName=MISO Pin=SD1-7
Added Pin To Net: NetName=NetR22_1 Pin=SD1-9
Added Pin To Net: NetName=GND Pin=SD1-10
Added Pin To Net: NetName=GND Pin=SD1-10
Added Pin To Net: NetName=GND Pin=SD1-10
Added Pin To Net: NetName=GND Pin=SD1-10
Added Pin To Net: NetName=NetC12_2 Pin=C12-2
Added Pin To Net: NetName=NetC12_2 Pin=J3-38
Added Pin To Net: NetName=NetC12_2 Pin=J3-39
Added Net: Name=NetC12_2
Added Pin To Net: NetName=NetC13_1 Pin=C13-1
Added Pin To Net: NetName=NetC13_1 Pin=J4-16
Added Pin To Net: NetName=NetC13_1 Pin=J4-17
Added Net: Name=NetC13_1
Added Pin To Net: NetName=NetC14_2 Pin=C14-2
Added Pin To Net: NetName=NetC14_2 Pin=J5-16
Added Pin To Net: NetName=NetC14_2 Pin=J5-17
Added Net: Name=NetC14_2
Added Member To Class: ClassName=DRIVER Member=Component C12 10uF
Added Member To Class: ClassName=LIMIT SWITCH Member=Component C13 CN
Added Member To Class: ClassName=ThermoCouple Member=Component C14 10uF
Added Member To Class: ClassName=LCD_SDCARD Member=Component C28 CN
Added Member To Class: ClassName=LCD_SDCARD Member=Component C29 CN
Added Member To Class: ClassName=LCD_SDCARD Member=Component IC2 74HC125
Added Member To Class: ClassName=LCD_SDCARD Member=Component R22 R
Added Member To Class: ClassName=LCD_SDCARD Member=Component SD1 sdcard
